<?xml version="1.0" encoding="UTF-8"?>
<!-- Generated by org.testng.reporters.JUnitXMLReporter -->
<testsuite ignored="0" hostname="Raguvaran" failures="0" tests="4" name="opencartTest(failed)" time="56.652" errors="0" timestamp="2024-01-20T10:39:22 IST">
  <testcase classname="testCases.TC_003_LoginDDT" name="verify_loginDDT" time="1.763"/>
  <testcase classname="testCases.TC_003_LoginDDT" name="verify_loginDDT" time="1.465"/>
  <testcase classname="testCases.TC_003_LoginDDT" name="verify_loginDDT" time="21.081"/>
  <testcase classname="testCases.TC_003_LoginDDT" name="verify_loginDDT" time="21.45"/>
</testsuite> <!-- opencartTest(failed) -->
