<?xml version="1.0" encoding="UTF-8"?>
<!-- Generated by org.testng.reporters.JUnitXMLReporter -->
<testsuite ignored="0" hostname="Raguvaran" failures="0" tests="4" name="Test" time="56.904" errors="0" timestamp="2024-02-01T16:59:34 IST">
  <testcase classname="testCases.TC_003_LoginDDT" name="verify_loginDDT" time="2.136"/>
  <testcase classname="testCases.TC_003_LoginDDT" name="verify_loginDDT" time="1.528"/>
  <testcase classname="testCases.TC_003_LoginDDT" name="verify_loginDDT" time="21.026"/>
  <testcase classname="testCases.TC_003_LoginDDT" name="verify_loginDDT" time="21.741"/>
</testsuite> <!-- Test -->
