<?xml version="1.0" encoding="UTF-8"?>
<testng-results ignored="0" total="4" passed="4" failed="0" skipped="0">
  <reporter-output>
  </reporter-output>
  <suite started-at="2024-02-01T16:58:37 IST" name="Suite" finished-at="2024-02-01T16:59:34 IST" duration-ms="56904">
    <groups>
    </groups>
    <test started-at="2024-02-01T16:58:37 IST" name="Test" finished-at="2024-02-01T16:59:34 IST" duration-ms="56904">
      <class name="testCases.TC_003_LoginDDT">
        <test-method is-config="true" signature="setup(java.lang.String)[pri:0, instance:testCases.TC_003_LoginDDT@7c729a55]" started-at="2024-02-01T16:58:38 IST" name="setup" finished-at="2024-02-01T16:58:46 IST" duration-ms="8422" status="PASS">
          <params>
            <param index="0">
              <value>
                <![CDATA[chrome]]>
              </value>
            </param>
          </params>
          <reporter-output>
          </reporter-output>
        </test-method> <!-- setup -->
        <test-method signature="verify_loginDDT(java.lang.String,java.lang.String,java.lang.String)[pri:0, instance:testCases.TC_003_LoginDDT@7c729a55]" started-at="2024-02-01T16:58:47 IST" name="verify_loginDDT" data-provider="LoginData" finished-at="2024-02-01T16:58:50 IST" duration-ms="2136" status="PASS">
          <params>
            <param index="0">
              <value>
                <![CDATA[ravi@gmail.com]]>
              </value>
            </param>
            <param index="1">
              <value>
                <![CDATA[ravi@123]]>
              </value>
            </param>
            <param index="2">
              <value>
                <![CDATA[Valid]]>
              </value>
            </param>
          </params>
          <reporter-output>
          </reporter-output>
        </test-method> <!-- verify_loginDDT -->
        <test-method signature="verify_loginDDT(java.lang.String,java.lang.String,java.lang.String)[pri:0, instance:testCases.TC_003_LoginDDT@7c729a55]" started-at="2024-02-01T16:58:50 IST" name="verify_loginDDT" data-provider="LoginData" finished-at="2024-02-01T16:58:51 IST" duration-ms="1528" status="PASS">
          <params>
            <param index="0">
              <value>
                <![CDATA[ragu@gmail.com]]>
              </value>
            </param>
            <param index="1">
              <value>
                <![CDATA[ragu@123]]>
              </value>
            </param>
            <param index="2">
              <value>
                <![CDATA[Valid]]>
              </value>
            </param>
          </params>
          <reporter-output>
          </reporter-output>
        </test-method> <!-- verify_loginDDT -->
        <test-method signature="verify_loginDDT(java.lang.String,java.lang.String,java.lang.String)[pri:0, instance:testCases.TC_003_LoginDDT@7c729a55]" started-at="2024-02-01T16:58:51 IST" name="verify_loginDDT" data-provider="LoginData" finished-at="2024-02-01T16:59:12 IST" duration-ms="21026" status="PASS">
          <params>
            <param index="0">
              <value>
                <![CDATA[rag@gmail.com]]>
              </value>
            </param>
            <param index="1">
              <value>
                <![CDATA[rag@333]]>
              </value>
            </param>
            <param index="2">
              <value>
                <![CDATA[Invalid]]>
              </value>
            </param>
          </params>
          <reporter-output>
          </reporter-output>
        </test-method> <!-- verify_loginDDT -->
        <test-method signature="verify_loginDDT(java.lang.String,java.lang.String,java.lang.String)[pri:0, instance:testCases.TC_003_LoginDDT@7c729a55]" started-at="2024-02-01T16:59:12 IST" name="verify_loginDDT" data-provider="LoginData" finished-at="2024-02-01T16:59:34 IST" duration-ms="21741" status="PASS">
          <params>
            <param index="0">
              <value>
                <![CDATA[var@gmail.com]]>
              </value>
            </param>
            <param index="1">
              <value>
                <![CDATA[var@123]]>
              </value>
            </param>
            <param index="2">
              <value>
                <![CDATA[Invalid]]>
              </value>
            </param>
          </params>
          <reporter-output>
          </reporter-output>
        </test-method> <!-- verify_loginDDT -->
        <test-method is-config="true" signature="tearDown()[pri:0, instance:testCases.TC_003_LoginDDT@7c729a55]" started-at="2024-02-01T16:59:34 IST" name="tearDown" finished-at="2024-02-01T16:59:34 IST" duration-ms="208" status="PASS">
          <reporter-output>
          </reporter-output>
        </test-method> <!-- tearDown -->
      </class> <!-- testCases.TC_003_LoginDDT -->
    </test> <!-- Test -->
  </suite> <!-- Suite -->
</testng-results>
