<?xml version="1.0" encoding="UTF-8"?>
<!-- Generated by org.testng.reporters.JUnitXMLReporter -->
<testsuite ignored="1" hostname="Raguvaran" failures="0" tests="1" name="opencartTest" time="8.711" errors="0" timestamp="2024-01-17T19:07:05 IST">
  <testcase classname="testCases.TC_002_LoginTest" name="test_login" time="1.625"/>
  <testcase classname="testCases.TC_001_AccountRegistrationTest" name="test_Account_Registration" time="0.0">
    <ignored/>
  </testcase> <!-- test_Account_Registration -->
</testsuite> <!-- opencartTest -->
